<?xml version="1.0" encoding="UTF-8"?>
<!-- Generated by org.testng.reporters.JUnitReportReporter -->
<testsuite skipped="0" hostname="LAPTOP" name="pom.xamplifylive.xamplifylive.webcam" tests="1" failures="0" timestamp="14 Feb 2019 09:37:43 GMT" time="33.764" errors="0">
  <testcase name="web" time="33.764" classname="pom.xamplifylive.xamplifylive.webcam"/>
</testsuite> <!-- pom.xamplifylive.xamplifylive.webcam -->
